[0423/184127.158:ERROR:crash_report_database_win.cc(469)] failed to stat report
[0423/190754.848:ERROR:crash_report_database_win.cc(469)] failed to stat report
[0423/212922.018:ERROR:crash_report_database_win.cc(469)] failed to stat report
[0424/155922.057:ERROR:crash_report_database_win.cc(469)] failed to stat report
[0425/003526.887:ERROR:crash_report_database_win.cc(469)] failed to stat report
[0425/110016.766:ERROR:crash_report_database_win.cc(469)] failed to stat report
[0425/111016.779:ERROR:crash_report_database_win.cc(469)] failed to stat report
[0425/111016.779:ERROR:crash_report_database_win.cc(469)] failed to stat report
[0425/111516.797:ERROR:crash_report_database_win.cc(469)] failed to stat report
[0425/113016.797:ERROR:crash_report_database_win.cc(469)] failed to stat report
[0425/114516.805:ERROR:crash_report_database_win.cc(469)] failed to stat report
[0425/120016.805:ERROR:crash_report_database_win.cc(469)] failed to stat report
[0425/121516.818:ERROR:crash_report_database_win.cc(469)] failed to stat report
[0425/123016.832:ERROR:crash_report_database_win.cc(469)] failed to stat report
[0425/124516.847:ERROR:crash_report_database_win.cc(469)] failed to stat report
[0425/130016.848:ERROR:crash_report_database_win.cc(469)] failed to stat report
[0425/131516.851:ERROR:crash_report_database_win.cc(469)] failed to stat report
[0425/133016.854:ERROR:crash_report_database_win.cc(469)] failed to stat report
[0425/134516.857:ERROR:crash_report_database_win.cc(469)] failed to stat report
[0425/140016.860:ERROR:crash_report_database_win.cc(469)] failed to stat report
[0425/141516.863:ERROR:crash_report_database_win.cc(469)] failed to stat report
[0425/143016.879:ERROR:crash_report_database_win.cc(469)] failed to stat report
[0425/144516.990:ERROR:crash_report_database_win.cc(469)] failed to stat report
[0425/150016.990:ERROR:crash_report_database_win.cc(469)] failed to stat report
[0425/151516.998:ERROR:crash_report_database_win.cc(469)] failed to stat report
[0425/153016.998:ERROR:crash_report_database_win.cc(469)] failed to stat report
[0425/154517.000:ERROR:crash_report_database_win.cc(469)] failed to stat report
[0425/160017.004:ERROR:crash_report_database_win.cc(469)] failed to stat report
[0425/161517.007:ERROR:crash_report_database_win.cc(469)] failed to stat report
[0425/163017.010:ERROR:crash_report_database_win.cc(469)] failed to stat report
[0425/164517.012:ERROR:crash_report_database_win.cc(469)] failed to stat report
[0425/165710.533:ERROR:process_info.cc(359)] UncheckedAllocate
[0425/165710.543:ERROR:file_io.cc(134)] WriteFile: Недостаточная квота для завершения операции. (0x5AD)
[0425/165710.553:ERROR:crash_report_exception_handler.cc(111)] WriteEverything failed
[0425/165710.554:ERROR:filesystem_win.cc(148)] DeleteFile C:\Users\PC\AppData\Local\Google\Chrome\User Data\Crashpad\reports\b9edd75e-c280-452a-b482-82c476ca5c75.dmp: Процесс не может получить доступ к файлу, так как этот файл занят другим процессом. (0x20)
[0425/171123.084:ERROR:crash_report_database_win.cc(469)] failed to stat report
[0425/200934.372:ERROR:crash_report_database_win.cc(469)] failed to stat report
[0425/201046.392:ERROR:crash_report_database_win.cc(469)] failed to stat report
[0426/144946.523:ERROR:crash_report_database_win.cc(469)] failed to stat report
[0426/153836.938:ERROR:crash_report_database_win.cc(469)] failed to stat report
[0426/154924.199:ERROR:crash_report_database_win.cc(469)] failed to stat report
[0426/221333.131:ERROR:crash_report_database_win.cc(469)] failed to stat report
[0426/222333.132:ERROR:crash_report_database_win.cc(469)] failed to stat report
[0426/222333.135:ERROR:crash_report_database_win.cc(469)] failed to stat report
[0426/222833.147:ERROR:crash_report_database_win.cc(469)] failed to stat report
[0426/224333.152:ERROR:crash_report_database_win.cc(469)] failed to stat report
[0426/225833.156:ERROR:crash_report_database_win.cc(469)] failed to stat report
[0426/231333.159:ERROR:crash_report_database_win.cc(469)] failed to stat report
[0426/232833.162:ERROR:crash_report_database_win.cc(469)] failed to stat report
[0426/234333.170:ERROR:crash_report_database_win.cc(469)] failed to stat report
[0426/235833.171:ERROR:crash_report_database_win.cc(469)] failed to stat report
[0427/001333.177:ERROR:crash_report_database_win.cc(469)] failed to stat report
[0427/002833.181:ERROR:crash_report_database_win.cc(469)] failed to stat report
[0427/004333.185:ERROR:crash_report_database_win.cc(469)] failed to stat report
[0427/005833.188:ERROR:crash_report_database_win.cc(469)] failed to stat report
[0427/011333.191:ERROR:crash_report_database_win.cc(469)] failed to stat report
[0427/012833.194:ERROR:crash_report_database_win.cc(469)] failed to stat report
[0428/182623.834:ERROR:crash_report_database_win.cc(469)] failed to stat report
